[INFO ] 2023-08-02 14:12:46.686 [main] ViewWelcomeScreenSteps - User landed on Banfield application
[INFO ] 2023-08-02 14:13:55.791 [main] ViewWelcomeScreenSteps - User landed on Banfield application
[INFO ] 2023-08-02 14:14:04.631 [main] MakeAnAppointmentStep1HavewemetSteps - User is on the welcome screen
[INFO ] 2023-08-02 14:14:05.092 [main] MakeAnAppointmentStep1HavewemetSteps - user taps on make an appointment CTA
[INFO ] 2023-08-02 14:14:10.325 [main] MakeAnAppointmentStep2EntercontactInformationSteps - the user tapped on No, I am New option from the Have we met Screen
[INFO ] 2023-08-02 14:14:47.198 [main] MakeAnAppointmentStep3WhoareweschedulingSteps - the user is redirected to the Who are we Scheduling Screen
[INFO ] 2023-08-02 14:14:55.539 [main] MakeAnAppointmentStep4MoreaboutSteps - the user tapped on Next from the What species is your pet screen
[INFO ] 2023-08-02 14:15:10.033 [main] MakeanAppointmentStep5Reasonforvisit - user tapped on Next from the Tell us about your pet screen
[INFO ] 2023-08-02 14:15:13.644 [main] MakeanAppointmentStep5Reasonforvisit - User will be displayed Not sure? Call a hospital near you at the bottom of the page
[INFO ] 2023-08-02 14:15:22.459 [main] MakeanAppointmentStep7whenandwhereSteps - user is on the when & where page
[INFO ] 2023-08-02 14:15:27.638 [main] MakeanAppointmentStep7whenandwhereSteps - the Location services is enabled for the Devices
[INFO ] 2023-08-02 14:15:54.919 [main] MakeanAppointmentStep7whenandwhereSteps - the user taps on a location to select from the list
[INFO ] 2023-08-02 14:18:05.780 [main] ViewWelcomeScreenSteps - User landed on Banfield application
[INFO ] 2023-08-02 14:18:17.641 [main] MakeAnAppointmentStep1HavewemetSteps - User is on the welcome screen
[INFO ] 2023-08-02 14:18:20.522 [main] MakeAnAppointmentStep1HavewemetSteps - user taps on make an appointment CTA
[INFO ] 2023-08-02 14:18:29.713 [main] MakeAnAppointmentStep2EntercontactInformationSteps - the user tapped on No, I am New option from the Have we met Screen
[INFO ] 2023-08-02 14:21:43.122 [main] MakeAnAppointmentStep3WhoareweschedulingSteps - the user is redirected to the Who are we Scheduling Screen
[INFO ] 2023-08-02 14:21:54.385 [main] MakeAnAppointmentStep4MoreaboutSteps - the user tapped on Next from the What species is your pet screen
[INFO ] 2023-08-02 14:22:17.648 [main] MakeanAppointmentStep5Reasonforvisit - user tapped on Next from the Tell us about your pet screen
[INFO ] 2023-08-02 14:22:21.843 [main] MakeanAppointmentStep5Reasonforvisit - User will be displayed Not sure? Call a hospital near you at the bottom of the page
[INFO ] 2023-08-02 14:22:38.290 [main] MakeanAppointmentStep7whenandwhereSteps - user is on the when & where page
[INFO ] 2023-08-02 14:22:45.240 [main] MakeanAppointmentStep7whenandwhereSteps - the Location services is enabled for the Devices
[INFO ] 2023-08-02 14:23:33.011 [main] MakeanAppointmentStep7whenandwhereSteps - the user taps on a location to select from the list
[INFO ] 2024-07-02 14:25:01.102 [main] ViewWelcomeScreenSteps - User landed on Banfield application
[INFO ] 2024-07-02 14:26:58.661 [main] ViewWelcomeScreenSteps - User landed on Banfield application
